2024-05-08 15:59:40,510 - custom_logger - DEBUG - This is a DEBUG message
2024-05-08 15:59:40,510 - custom_logger - INFO - This is a INFO message
2024-05-08 15:59:40,510 - custom_logger - WARNING - This is a WARNING message
2024-05-08 15:59:40,510 - custom_logger - ERROR - This is a ERROR message
2024-05-08 15:59:40,510 - custom_logger - CRITICAL - This is a CRITICAL message
2024-05-08 16:02:49,792 - custom_logger - DEBUG - This is a DEBUG message
2024-05-08 16:02:49,792 - custom_logger - INFO - This is a INFO message
2024-05-08 16:02:49,792 - custom_logger - WARNING - This is a WARNING message
2024-05-08 16:02:49,792 - custom_logger - ERROR - This is a ERROR message
2024-05-08 16:02:49,792 - custom_logger - CRITICAL - This is a CRITICAL message
2024-05-08 16:03:51,412 - custom_logger - DEBUG - This is a DEBUG message
2024-05-08 16:03:51,412 - custom_logger - INFO - This is a INFO message
2024-05-08 16:03:51,412 - custom_logger - WARNING - This is a WARNING message
2024-05-08 16:03:51,412 - custom_logger - ERROR - This is a ERROR message
2024-05-08 16:03:51,412 - custom_logger - CRITICAL - This is a CRITICAL message
2024-05-08 16:04:41,785 - app_logger - DEBUG - This is a DEBUG message
2024-05-08 16:04:41,785 - app_logger - INFO - This is a INFO message
2024-05-08 16:04:41,786 - app_logger - WARNING - This is a WARNING message
2024-05-08 16:04:41,786 - app_logger - ERROR - This is a ERROR message
2024-05-08 16:04:41,786 - app_logger - CRITICAL - This is a CRITICAL message
2024-05-09 17:41:38,510 - app_logger - DEBUG - This is a DEBUG message
2024-05-09 17:41:38,510 - app_logger - INFO - This is a INFO message
2024-05-09 17:41:38,510 - app_logger - WARNING - This is a WARNING message
2024-05-09 17:41:38,510 - app_logger - ERROR - This is a ERROR message
2024-05-09 17:41:38,510 - app_logger - CRITICAL - This is a CRITICAL message
